c:\vsprojects\seminar\struct\sort\x64\debug\vc143.pdb
c:\vsprojects\seminar\struct\sort\x64\debug\vc143.idb
c:\vsprojects\seminar\struct\sort\x64\debug\test.obj
c:\vsprojects\seminar\struct\sort\x64\debug\selectionsort.obj
c:\vsprojects\seminar\struct\sort\x64\debug\optimizedbubblesort.obj
c:\vsprojects\seminar\struct\sort\x64\debug\insertionssort.obj
c:\vsprojects\seminar\struct\sort\x64\debug\exchangesort.obj
c:\vsprojects\seminar\struct\sort\x64\debug\bubblesort.obj
c:\vsprojects\seminar\struct\sort\x64\debug\sort.ilk
c:\vsprojects\seminar\struct\x64\debug\sort.exe
c:\vsprojects\seminar\struct\x64\debug\sort.pdb
c:\vsprojects\seminar\struct\x64\debug\gmock.dll
c:\vsprojects\seminar\struct\sort\x64\debug\sort.tlog\cl.command.1.tlog
c:\vsprojects\seminar\struct\sort\x64\debug\sort.tlog\cl.items.tlog
c:\vsprojects\seminar\struct\sort\x64\debug\sort.tlog\cl.read.1.tlog
c:\vsprojects\seminar\struct\sort\x64\debug\sort.tlog\cl.write.1.tlog
c:\vsprojects\seminar\struct\sort\x64\debug\sort.tlog\link.command.1.tlog
c:\vsprojects\seminar\struct\sort\x64\debug\sort.tlog\link.read.1.tlog
c:\vsprojects\seminar\struct\sort\x64\debug\sort.tlog\link.write.1.tlog
c:\vsprojects\seminar\struct\sort\x64\debug\sort.tlog\sort.write.1u.tlog
